ERROR 2020-12-20 11:51:32,593 log 32984 7960 Internal Server Error: /password-reset/recover/
Traceback (most recent call last):
  File "C:\Users\Õı¡Ë”Ó\Desktop\django_project\env\lib\site-packages\django\core\handlers\exception.py", line 34, in inner
    response = get_response(request)
  File "C:\Users\Õı¡Ë”Ó\Desktop\django_project\env\lib\site-packages\django\core\handlers\base.py", line 115, in _get_response
    response = self.process_exception_by_middleware(e, request)
  File "C:\Users\Õı¡Ë”Ó\Desktop\django_project\env\lib\site-packages\django\core\handlers\base.py", line 113, in _get_response
    response = wrapped_callback(request, *callback_args, **callback_kwargs)
  File "C:\Users\Õı¡Ë”Ó\Desktop\django_project\env\lib\site-packages\django\views\generic\base.py", line 71, in view
    return self.dispatch(request, *args, **kwargs)
  File "C:\Users\Õı¡Ë”Ó\Desktop\django_project\env\lib\site-packages\django\views\generic\base.py", line 97, in dispatch
    return handler(request, *args, **kwargs)
  File "C:\Users\Õı¡Ë”Ó\Desktop\django_project\env\lib\site-packages\django\views\generic\edit.py", line 142, in post
    return self.form_valid(form)
  File "C:\Users\Õı¡Ë”Ó\Desktop\django_project\env\lib\site-packages\password_reset\views.py", line 99, in form_valid
    self.send_notification()
  File "C:\Users\Õı¡Ë”Ó\Desktop\django_project\env\lib\site-packages\password_reset\views.py", line 94, in send_notification
    send_mail(subject, body, settings.DEFAULT_FROM_EMAIL,
  File "C:\Users\Õı¡Ë”Ó\Desktop\django_project\env\lib\site-packages\django\core\mail\__init__.py", line 60, in send_mail
    return mail.send()
  File "C:\Users\Õı¡Ë”Ó\Desktop\django_project\env\lib\site-packages\django\core\mail\message.py", line 291, in send
    return self.get_connection(fail_silently).send_messages([self])
  File "C:\Users\Õı¡Ë”Ó\Desktop\django_project\env\lib\site-packages\django\core\mail\backends\smtp.py", line 103, in send_messages
    new_conn_created = self.open()
  File "C:\Users\Õı¡Ë”Ó\Desktop\django_project\env\lib\site-packages\django\core\mail\backends\smtp.py", line 70, in open
    self.connection.login(self.username, self.password)
  File "C:\Users\Õı¡Ë”Ó\AppData\Local\Programs\Python\Python38\lib\smtplib.py", line 734, in login
    raise last_exception
  File "C:\Users\Õı¡Ë”Ó\AppData\Local\Programs\Python\Python38\lib\smtplib.py", line 723, in login
    (code, resp) = self.auth(
  File "C:\Users\Õı¡Ë”Ó\AppData\Local\Programs\Python\Python38\lib\smtplib.py", line 646, in auth
    raise SMTPAuthenticationError(code, resp)
smtplib.SMTPAuthenticationError: (550, b'User has no permission')
WARNING 2020-12-20 14:54:15,921 log 4192 12636 Not Found: /userprofile/login/js/jigsaw.js
WARNING 2020-12-20 14:55:57,423 log 4192 12636 Not Found: /userprofile/login/js/jigsaw.js
WARNING 2020-12-20 14:56:59,433 log 4752 4052 Not Found: /userprofile/login/js/jigsaw.js
WARNING 2020-12-20 14:57:53,217 log 16196 1988 Not Found: /userprofile/login/js/jigsaw.js
WARNING 2020-12-20 15:01:26,879 log 16196 1988 Not Found: /userprofile/login/js/jigsaw.js
WARNING 2020-12-20 15:02:00,264 log 16196 1988 Not Found: /userprofile/login/js/jigsaw.js
WARNING 2020-12-20 15:11:13,326 log 16196 16832 Not Found: /userprofile/login/js/jigsaw.js
WARNING 2020-12-20 15:11:57,429 log 16196 16832 Not Found: /userprofile/login/js/jigsaw.js
WARNING 2020-12-20 15:14:53,118 log 16196 16832 Not Found: /userprofile/login/js/jigsaw.js
WARNING 2020-12-20 15:15:37,912 log 16196 16832 Not Found: /userprofile/login/js/jigsaw.js
WARNING 2020-12-20 15:19:58,911 log 16196 16832 Not Found: /userprofile/login/js/jigsaw.js
WARNING 2020-12-20 15:20:41,790 log 16196 16832 Not Found: /userprofile/login/js/jigsaw.js
WARNING 2020-12-20 15:22:06,150 log 16196 16832 Not Found: /userprofile/login/js/jigsaw.js
WARNING 2020-12-20 15:22:40,118 log 16196 16832 Not Found: /userprofile/login/js/jigsaw.js
WARNING 2020-12-20 15:28:04,730 log 3560 14296 Not Found: /userprofile/login/js/jigsaw.js
ERROR 2020-12-20 15:28:05,852 log 3560 14296 Internal Server Error: /userprofile/register/
Traceback (most recent call last):
  File "C:\Users\ZWH\PycharmProjects\pythonProject1\venv\lib\site-packages\django\template\defaulttags.py", line 1034, in find_library
    return parser.libraries[name]
KeyError: 'staticfiles'

During handling of the above exception, another exception occurred:

Traceback (most recent call last):
  File "C:\Users\ZWH\PycharmProjects\pythonProject1\venv\lib\site-packages\django\core\handlers\exception.py", line 47, in inner
    response = get_response(request)
  File "C:\Users\ZWH\PycharmProjects\pythonProject1\venv\lib\site-packages\django\core\handlers\base.py", line 179, in _get_response
    response = wrapped_callback(request, *callback_args, **callback_kwargs)
  File "C:\Users\ZWH\Desktop\django_project\my_blog\userprofile\views.py", line 49, in user_register
    return render(request,'userprofile/register.html',context)
  File "C:\Users\ZWH\PycharmProjects\pythonProject1\venv\lib\site-packages\django\shortcuts.py", line 19, in render
    content = loader.render_to_string(template_name, context, request, using=using)
  File "C:\Users\ZWH\PycharmProjects\pythonProject1\venv\lib\site-packages\django\template\loader.py", line 61, in render_to_string
    template = get_template(template_name, using=using)
  File "C:\Users\ZWH\PycharmProjects\pythonProject1\venv\lib\site-packages\django\template\loader.py", line 15, in get_template
    return engine.get_template(template_name)
  File "C:\Users\ZWH\PycharmProjects\pythonProject1\venv\lib\site-packages\django\template\backends\django.py", line 34, in get_template
    return Template(self.engine.get_template(template_name), self)
  File "C:\Users\ZWH\PycharmProjects\pythonProject1\venv\lib\site-packages\django\template\engine.py", line 143, in get_template
    template, origin = self.find_template(template_name)
  File "C:\Users\ZWH\PycharmProjects\pythonProject1\venv\lib\site-packages\django\template\engine.py", line 125, in find_template
    template = loader.get_template(name, skip=skip)
  File "C:\Users\ZWH\PycharmProjects\pythonProject1\venv\lib\site-packages\django\template\loaders\base.py", line 29, in get_template
    return Template(
  File "C:\Users\ZWH\PycharmProjects\pythonProject1\venv\lib\site-packages\django\template\base.py", line 155, in __init__
    self.nodelist = self.compile_nodelist()
  File "C:\Users\ZWH\PycharmProjects\pythonProject1\venv\lib\site-packages\django\template\base.py", line 193, in compile_nodelist
    return parser.parse()
  File "C:\Users\ZWH\PycharmProjects\pythonProject1\venv\lib\site-packages\django\template\base.py", line 478, in parse
    raise self.error(token, e)
  File "C:\Users\ZWH\PycharmProjects\pythonProject1\venv\lib\site-packages\django\template\base.py", line 476, in parse
    compiled_result = compile_func(self, token)
  File "C:\Users\ZWH\PycharmProjects\pythonProject1\venv\lib\site-packages\django\template\loader_tags.py", line 270, in do_extends
    nodelist = parser.parse()
  File "C:\Users\ZWH\PycharmProjects\pythonProject1\venv\lib\site-packages\django\template\base.py", line 478, in parse
    raise self.error(token, e)
  File "C:\Users\ZWH\PycharmProjects\pythonProject1\venv\lib\site-packages\django\template\base.py", line 476, in parse
    compiled_result = compile_func(self, token)
  File "C:\Users\ZWH\PycharmProjects\pythonProject1\venv\lib\site-packages\django\template\defaulttags.py", line 1091, in load
    lib = find_library(parser, name)
  File "C:\Users\ZWH\PycharmProjects\pythonProject1\venv\lib\site-packages\django\template\defaulttags.py", line 1036, in find_library
    raise TemplateSyntaxError(
django.template.exceptions.TemplateSyntaxError: 'staticfiles' is not a registered tag library. Must be one of:
account
admin_list
admin_modify
admin_urls
cache
i18n
l10n
log
mptt_admin
mptt_tags
notifications_tags
simpletags
socialaccount
static
tz
WARNING 2020-12-20 15:29:16,109 log 3560 14296 Not Found: /userprofile/login/js/jigsaw.js
WARNING 2020-12-20 15:29:19,655 log 3560 14296 Not Found: /userprofile/login/js/jigsaw.js
WARNING 2020-12-20 15:29:23,118 log 3560 14296 Not Found: /userprofile/login/js/jigsaw.js
WARNING 2020-12-20 15:29:56,430 log 3560 14296 Not Found: /userprofile/login/js/jigsaw.js
WARNING 2020-12-20 15:29:57,599 log 3560 14296 Not Found: /userprofile/login/js/jigsaw.js
WARNING 2020-12-20 15:29:59,103 log 3560 14296 Not Found: /userprofile/login/js/jigsaw.js
WARNING 2020-12-20 15:30:34,213 log 3560 14296 Not Found: /userprofile/login/js/jigsaw.js
WARNING 2020-12-20 15:30:35,257 log 3560 14296 Not Found: /userprofile/login/js/jigsaw.js
WARNING 2020-12-20 15:30:38,879 log 3560 14296 Not Found: /userprofile/login/js/jigsaw.js
WARNING 2020-12-20 15:31:15,359 log 3560 14296 Not Found: /userprofile/login/js/jigsaw.js
WARNING 2020-12-20 15:31:18,669 log 3560 14296 Not Found: /userprofile/login/js/jigsaw.js
WARNING 2020-12-20 15:32:30,374 log 3560 14296 Not Found: /userprofile/login/js/jigsaw.js
WARNING 2020-12-20 15:32:31,366 log 3560 14296 Not Found: /userprofile/login/js/jigsaw.js
WARNING 2020-12-20 15:32:33,814 log 3560 14296 Not Found: /userprofile/login/js/jigsaw.js
WARNING 2020-12-20 15:32:50,597 log 3560 14296 Not Found: /userprofile/login/js/jigsaw.js
WARNING 2020-12-20 15:32:52,742 log 3560 14296 Not Found: /userprofile/login/js/jigsaw.js
WARNING 2020-12-20 15:32:55,174 log 3560 14296 Not Found: /userprofile/login/js/jigsaw.js
WARNING 2020-12-20 15:33:15,078 log 3560 14296 Not Found: /userprofile/login/js/jigsaw.js
WARNING 2020-12-20 15:33:16,907 log 3560 14296 Not Found: /userprofile/login/js/jigsaw.js
ERROR 2020-12-20 15:33:39,534 log 3560 14296 Internal Server Error: /userprofile/register/
Traceback (most recent call last):
  File "C:\Users\ZWH\PycharmProjects\pythonProject1\venv\lib\site-packages\django\contrib\auth\__init__.py", line 111, in login
    backend = backend or user.backend
AttributeError: 'User' object has no attribute 'backend'

During handling of the above exception, another exception occurred:

Traceback (most recent call last):
  File "C:\Users\ZWH\PycharmProjects\pythonProject1\venv\lib\site-packages\django\core\handlers\exception.py", line 47, in inner
    response = get_response(request)
  File "C:\Users\ZWH\PycharmProjects\pythonProject1\venv\lib\site-packages\django\core\handlers\base.py", line 179, in _get_response
    response = wrapped_callback(request, *callback_args, **callback_kwargs)
  File "C:\Users\ZWH\Desktop\django_project\my_blog\userprofile\views.py", line 42, in user_register
    login(request,new_user)
  File "C:\Users\ZWH\PycharmProjects\pythonProject1\venv\lib\site-packages\django\contrib\auth\__init__.py", line 117, in login
    raise ValueError(
ValueError: You have multiple authentication backends configured and therefore must provide the `backend` argument or set the `backend` attribute on the user.
WARNING 2020-12-20 15:36:53,110 log 3560 14296 Not Found: /userprofile/login/js/jigsaw.js
ERROR 2020-12-20 15:37:09,378 log 3560 14296 Internal Server Error: /userprofile/register/
Traceback (most recent call last):
  File "C:\Users\ZWH\PycharmProjects\pythonProject1\venv\lib\site-packages\django\contrib\auth\__init__.py", line 111, in login
    backend = backend or user.backend
AttributeError: 'User' object has no attribute 'backend'

During handling of the above exception, another exception occurred:

Traceback (most recent call last):
  File "C:\Users\ZWH\PycharmProjects\pythonProject1\venv\lib\site-packages\django\core\handlers\exception.py", line 47, in inner
    response = get_response(request)
  File "C:\Users\ZWH\PycharmProjects\pythonProject1\venv\lib\site-packages\django\core\handlers\base.py", line 179, in _get_response
    response = wrapped_callback(request, *callback_args, **callback_kwargs)
  File "C:\Users\ZWH\Desktop\django_project\my_blog\userprofile\views.py", line 42, in user_register
    login(request,new_user)
  File "C:\Users\ZWH\PycharmProjects\pythonProject1\venv\lib\site-packages\django\contrib\auth\__init__.py", line 117, in login
    raise ValueError(
ValueError: You have multiple authentication backends configured and therefore must provide the `backend` argument or set the `backend` attribute on the user.
WARNING 2020-12-20 15:40:01,947 log 3560 14296 Not Found: /userprofile/login/js/jigsaw.js
WARNING 2020-12-20 15:40:19,519 log 3560 14296 Not Found: /userprofile/login/js/jigsaw.js
WARNING 2020-12-20 15:40:22,509 log 3560 14296 Not Found: /userprofile/login/js/jigsaw.js
WARNING 2020-12-20 15:40:23,422 log 3560 14296 Not Found: /userprofile/login/js/jigsaw.js
ERROR 2020-12-20 15:40:35,609 log 3560 14296 Internal Server Error: /userprofile/register/
Traceback (most recent call last):
  File "C:\Users\ZWH\PycharmProjects\pythonProject1\venv\lib\site-packages\django\contrib\auth\__init__.py", line 111, in login
    backend = backend or user.backend
AttributeError: 'User' object has no attribute 'backend'

During handling of the above exception, another exception occurred:

Traceback (most recent call last):
  File "C:\Users\ZWH\PycharmProjects\pythonProject1\venv\lib\site-packages\django\core\handlers\exception.py", line 47, in inner
    response = get_response(request)
  File "C:\Users\ZWH\PycharmProjects\pythonProject1\venv\lib\site-packages\django\core\handlers\base.py", line 179, in _get_response
    response = wrapped_callback(request, *callback_args, **callback_kwargs)
  File "C:\Users\ZWH\Desktop\django_project\my_blog\userprofile\views.py", line 42, in user_register
    login(request,new_user)
  File "C:\Users\ZWH\PycharmProjects\pythonProject1\venv\lib\site-packages\django\contrib\auth\__init__.py", line 117, in login
    raise ValueError(
ValueError: You have multiple authentication backends configured and therefore must provide the `backend` argument or set the `backend` attribute on the user.
WARNING 2020-12-20 15:42:52,350 log 3560 14296 Not Found: /userprofile/login/js/jigsaw.js
ERROR 2020-12-20 15:43:03,508 log 3560 14296 Internal Server Error: /userprofile/register/
Traceback (most recent call last):
  File "C:\Users\ZWH\PycharmProjects\pythonProject1\venv\lib\site-packages\django\contrib\auth\__init__.py", line 111, in login
    backend = backend or user.backend
AttributeError: 'User' object has no attribute 'backend'

During handling of the above exception, another exception occurred:

Traceback (most recent call last):
  File "C:\Users\ZWH\PycharmProjects\pythonProject1\venv\lib\site-packages\django\core\handlers\exception.py", line 47, in inner
    response = get_response(request)
  File "C:\Users\ZWH\PycharmProjects\pythonProject1\venv\lib\site-packages\django\core\handlers\base.py", line 179, in _get_response
    response = wrapped_callback(request, *callback_args, **callback_kwargs)
  File "C:\Users\ZWH\Desktop\django_project\my_blog\userprofile\views.py", line 42, in user_register
    login(request,new_user)
  File "C:\Users\ZWH\PycharmProjects\pythonProject1\venv\lib\site-packages\django\contrib\auth\__init__.py", line 117, in login
    raise ValueError(
ValueError: You have multiple authentication backends configured and therefore must provide the `backend` argument or set the `backend` attribute on the user.
WARNING 2020-12-20 15:45:37,937 log 10040 16292 Not Found: /userprofile/login/js/jigsaw.js
WARNING 2020-12-20 15:46:54,880 log 10040 16292 Not Found: /userprofile/login/js/jigsaw.js
WARNING 2020-12-20 15:49:07,086 log 10040 16292 Not Found: /userprofile/login/js/jigsaw.js
WARNING 2020-12-20 15:51:29,005 log 10040 16292 Not Found: /userprofile/login/js/jigsaw.js
WARNING 2020-12-20 15:52:57,325 log 10040 16292 Not Found: /userprofile/login/js/jigsaw.js
WARNING 2020-12-20 15:53:00,003 log 10040 16292 Not Found: /userprofile/login/js/jigsaw.js
WARNING 2020-12-20 15:53:00,325 log 10040 16292 Not Found: /userprofile/login/js/jigsaw.js
WARNING 2020-12-20 15:53:00,483 log 10040 16292 Not Found: /userprofile/login/js/jigsaw.js
WARNING 2020-12-20 15:53:00,654 log 10040 16292 Not Found: /userprofile/login/js/jigsaw.js
WARNING 2020-12-20 15:53:28,229 log 10040 16292 Not Found: /userprofile/login/js/jigsaw.js
WARNING 2020-12-20 15:55:35,461 log 10040 16292 Not Found: /userprofile/login/js/jigsaw.js
WARNING 2020-12-20 15:59:24,942 log 10040 16292 Not Found: /userprofile/login/{% static 'js/jigsaw.js
WARNING 2020-12-20 15:59:24,943 log 10040 8064 Not Found: /userprofile/login/js/jigsaw.js
WARNING 2020-12-20 15:59:24,954 log 10040 8064 Not Found: /userprofile/login/{% static 'js/jigsaw.js
WARNING 2020-12-20 16:00:32,286 log 10040 16292 Not Found: /userprofile/login/js/jigsaw.js
WARNING 2020-12-20 16:00:33,420 log 10040 16292 Not Found: /userprofile/login/js/jigsaw.js
WARNING 2020-12-20 16:00:33,644 log 10040 16292 Not Found: /userprofile/login/js/jigsaw.js
WARNING 2020-12-20 16:00:33,907 log 10040 16292 Not Found: /userprofile/login/js/jigsaw.js
WARNING 2020-12-20 16:00:34,052 log 10040 16292 Not Found: /userprofile/login/js/jigsaw.js
WARNING 2020-12-20 16:00:34,230 log 10040 16292 Not Found: /userprofile/login/js/jigsaw.js
WARNING 2020-12-20 16:02:24,126 log 10040 16292 Not Found: /userprofile/login/js/jigsaw.js
WARNING 2020-12-20 16:02:24,137 log 10040 16292 Not Found: /userprofile/login/js/jigsaw.js
WARNING 2020-12-20 16:02:37,416 log 10040 8064 Not Found: /userprofile/login/js/jigsaw.js
WARNING 2020-12-20 16:02:37,427 log 10040 8064 Not Found: /userprofile/login/js/jigsaw.js
WARNING 2020-12-20 16:02:45,825 log 10040 8064 Not Found: /userprofile/login/js/jigsaw.js
WARNING 2020-12-20 16:02:45,835 log 10040 8064 Not Found: /userprofile/login/js/jigsaw.js
WARNING 2020-12-20 16:20:38,792 log 10040 17556 Not Found: /userprofile/edit/10/css/bootstrap.css
WARNING 2020-12-20 16:20:38,793 log 10040 5856 Not Found: /userprofile/edit/10/css/style.css
WARNING 2020-12-20 16:20:38,795 log 10040 5104 Not Found: /userprofile/edit/10/css/swipebox.css
WARNING 2020-12-20 16:20:38,826 log 10040 5104 Not Found: /userprofile/edit/10/images/your_ico.ico
WARNING 2020-12-20 16:20:39,902 log 10040 5856 Not Found: /userprofile/edit/10/css/style.css
WARNING 2020-12-20 16:20:39,903 log 10040 5104 Not Found: /userprofile/edit/10/css/bootstrap.css
WARNING 2020-12-20 16:20:39,904 log 10040 17556 Not Found: /userprofile/edit/10/css/swipebox.css
WARNING 2020-12-20 16:20:40,161 log 10040 17556 Not Found: /userprofile/edit/10/css/bootstrap.css
WARNING 2020-12-20 16:20:40,162 log 10040 5104 Not Found: /userprofile/edit/10/css/style.css
WARNING 2020-12-20 16:20:40,163 log 10040 5856 Not Found: /userprofile/edit/10/css/swipebox.css
WARNING 2020-12-20 16:20:40,317 log 10040 5104 Not Found: /userprofile/edit/10/css/style.css
WARNING 2020-12-20 16:20:40,318 log 10040 17556 Not Found: /userprofile/edit/10/css/swipebox.css
WARNING 2020-12-20 16:20:40,319 log 10040 5856 Not Found: /userprofile/edit/10/css/bootstrap.css
WARNING 2020-12-20 16:20:40,459 log 10040 5856 Not Found: /userprofile/edit/10/css/style.css
WARNING 2020-12-20 16:20:40,460 log 10040 17556 Not Found: /userprofile/edit/10/css/bootstrap.css
WARNING 2020-12-20 16:20:40,462 log 10040 1652 Not Found: /userprofile/edit/10/css/swipebox.css
WARNING 2020-12-20 16:20:48,057 log 10040 17556 Not Found: /userprofile/edit/10/css/style.css
WARNING 2020-12-20 16:20:48,058 log 10040 1652 Not Found: /userprofile/edit/10/css/bootstrap.css
WARNING 2020-12-20 16:20:48,059 log 10040 5856 Not Found: /userprofile/edit/10/css/swipebox.css
WARNING 2020-12-20 16:21:38,671 log 10040 12132 Not Found: /userprofile/edit/10/css/bootstrap.css
WARNING 2020-12-20 16:21:38,672 log 10040 5856 Not Found: /userprofile/edit/10/css/style.css
WARNING 2020-12-20 16:21:38,673 log 10040 1652 Not Found: /userprofile/edit/10/css/swipebox.css
WARNING 2020-12-20 16:21:39,373 log 10040 5856 Not Found: /userprofile/edit/10/css/style.css
WARNING 2020-12-20 16:21:39,375 log 10040 12132 Not Found: /userprofile/edit/10/css/swipebox.css
WARNING 2020-12-20 16:21:39,376 log 10040 1652 Not Found: /userprofile/edit/10/css/bootstrap.css
WARNING 2020-12-20 16:21:40,105 log 10040 12132 Not Found: /userprofile/edit/10/css/bootstrap.css
WARNING 2020-12-20 16:21:40,106 log 10040 1652 Not Found: /userprofile/edit/10/css/style.css
WARNING 2020-12-20 16:21:40,107 log 10040 5856 Not Found: /userprofile/edit/10/css/swipebox.css
WARNING 2020-12-20 16:25:49,847 log 10040 1652 Not Found: /userprofile/edit/10/css/style.css
WARNING 2020-12-20 16:25:49,848 log 10040 12132 Not Found: /userprofile/edit/10/css/swipebox.css
WARNING 2020-12-20 16:25:49,849 log 10040 5856 Not Found: /userprofile/edit/10/css/bootstrap.css
WARNING 2020-12-20 16:25:50,750 log 10040 5856 Not Found: /userprofile/edit/10/css/style.css
WARNING 2020-12-20 16:25:50,751 log 10040 1652 Not Found: /userprofile/edit/10/css/swipebox.css
WARNING 2020-12-20 16:25:50,752 log 10040 12132 Not Found: /userprofile/edit/10/css/bootstrap.css
WARNING 2020-12-20 16:30:33,517 log 10040 12132 Not Found: /userprofile/edit/10/css/bootstrap.css
WARNING 2020-12-20 16:30:33,518 log 10040 1652 Not Found: /userprofile/edit/10/css/style.css
WARNING 2020-12-20 16:30:33,519 log 10040 5856 Not Found: /userprofile/edit/10/css/swipebox.css
WARNING 2020-12-20 16:33:03,583 log 10040 12132 Not Found: /userprofile/edit/10/css/swipebox.css
WARNING 2020-12-20 16:33:03,585 log 10040 1652 Not Found: /userprofile/edit/10/css/style.css
WARNING 2020-12-20 16:33:03,586 log 10040 5856 Not Found: /userprofile/edit/10/css/bootstrap.css
WARNING 2020-12-20 16:33:04,486 log 10040 1652 Not Found: /userprofile/edit/10/css/style.css
WARNING 2020-12-20 16:33:04,487 log 10040 5856 Not Found: /userprofile/edit/10/css/bootstrap.css
WARNING 2020-12-20 16:33:04,488 log 10040 12132 Not Found: /userprofile/edit/10/css/swipebox.css
WARNING 2020-12-20 16:37:53,084 log 10040 12132 Not Found: /userprofile/edit/10/css/bootstrap.css
WARNING 2020-12-20 16:37:53,085 log 10040 1652 Not Found: /userprofile/edit/10/js/jquery-1.11.1.min.js
WARNING 2020-12-20 16:37:53,086 log 10040 5856 Not Found: /userprofile/edit/10/css/style.css
WARNING 2020-12-20 16:37:53,087 log 10040 17556 Not Found: /userprofile/edit/10/js/move-top.js
WARNING 2020-12-20 16:37:53,088 log 10040 18856 Not Found: /userprofile/edit/10/css/swipebox.css
WARNING 2020-12-20 16:37:53,091 log 10040 7504 Not Found: /userprofile/edit/10/js/easing.js
WARNING 2020-12-20 16:37:53,097 log 10040 17556 Not Found: /userprofile/edit/10/js/jquery-1.11.1.min.js
WARNING 2020-12-20 16:37:53,102 log 10040 17556 Not Found: /userprofile/edit/10/js/move-top.js
WARNING 2020-12-20 16:37:53,107 log 10040 17556 Not Found: /userprofile/edit/10/js/easing.js
WARNING 2020-12-20 16:38:56,787 log 10040 1652 Not Found: /userprofile/edit/10/js/jquery-1.11.1.min.js
WARNING 2020-12-20 16:38:56,789 log 10040 5856 Not Found: /userprofile/edit/10/js/easing.js
WARNING 2020-12-20 16:38:56,790 log 10040 7504 Not Found: /userprofile/edit/10/css/style.css
WARNING 2020-12-20 16:38:56,791 log 10040 2580 Not Found: /userprofile/edit/10/css/swipebox.css
WARNING 2020-12-20 16:38:56,792 log 10040 17556 Not Found: /userprofile/edit/10/css/bootstrap.css
WARNING 2020-12-20 16:38:56,793 log 10040 18856 Not Found: /userprofile/edit/10/js/move-top.js
WARNING 2020-12-20 16:38:56,799 log 10040 17556 Not Found: /userprofile/edit/10/js/jquery-1.11.1.min.js
WARNING 2020-12-20 16:38:56,804 log 10040 17556 Not Found: /userprofile/edit/10/js/move-top.js
WARNING 2020-12-20 16:38:56,809 log 10040 17556 Not Found: /userprofile/edit/10/js/easing.js
WARNING 2020-12-20 16:38:56,852 log 10040 17556 Not Found: /userprofile/edit/10/js/jquery-1.11.1.min.js
WARNING 2020-12-20 16:38:56,857 log 10040 17556 Not Found: /userprofile/edit/10/js/move-top.js
WARNING 2020-12-20 16:38:56,862 log 10040 17556 Not Found: /userprofile/edit/10/js/easing.js
WARNING 2020-12-20 16:40:42,891 log 10040 17556 Not Found: /userprofile/edit/10/css/bootstrap.css
WARNING 2020-12-20 16:40:42,892 log 10040 2580 Not Found: /userprofile/edit/10/css/swipebox.css
WARNING 2020-12-20 16:40:42,894 log 10040 18856 Not Found: /userprofile/edit/10/css/style.css
WARNING 2020-12-20 16:40:42,895 log 10040 18232 Not Found: /userprofile/edit/10/js/easing.js
WARNING 2020-12-20 16:40:42,896 log 10040 5856 Not Found: /userprofile/edit/10/js/move-top.js
WARNING 2020-12-20 16:40:42,898 log 10040 7504 Not Found: /userprofile/edit/10/js/jquery-1.11.1.min.js
WARNING 2020-12-20 16:40:42,903 log 10040 2580 Not Found: /userprofile/edit/10/css/bootstrap.css
WARNING 2020-12-20 16:40:42,908 log 10040 2580 Not Found: /userprofile/edit/10/css/style.css
WARNING 2020-12-20 16:40:42,913 log 10040 2580 Not Found: /userprofile/edit/10/css/swipebox.css
WARNING 2020-12-20 16:40:42,917 log 10040 2580 Not Found: /userprofile/edit/10/js/jquery-1.11.1.min.js
WARNING 2020-12-20 16:40:42,922 log 10040 2580 Not Found: /userprofile/edit/10/js/move-top.js
WARNING 2020-12-20 16:40:42,927 log 10040 2580 Not Found: /userprofile/edit/10/js/easing.js
WARNING 2020-12-20 16:40:42,978 log 10040 2580 Not Found: /userprofile/edit/10/js/jquery-1.11.1.min.js
WARNING 2020-12-20 16:40:42,983 log 10040 2580 Not Found: /userprofile/edit/10/js/move-top.js
WARNING 2020-12-20 16:40:42,988 log 10040 2580 Not Found: /userprofile/edit/10/js/easing.js
WARNING 2020-12-20 16:44:04,797 log 10040 2580 Not Found: /userprofile/edit/10/css/bootstrap.css
WARNING 2020-12-20 16:44:04,798 log 10040 7504 Not Found: /userprofile/edit/10/css/style.css
WARNING 2020-12-20 16:44:04,799 log 10040 18232 Not Found: /userprofile/edit/10/js/jquery-1.11.1.min.js
WARNING 2020-12-20 16:44:04,800 log 10040 5856 Not Found: /userprofile/edit/10/css/swipebox.css
WARNING 2020-12-20 16:44:04,801 log 10040 17556 Not Found: /userprofile/edit/10/js/move-top.js
WARNING 2020-12-20 16:44:04,803 log 10040 5128 Not Found: /userprofile/edit/10/js/easing.js
WARNING 2020-12-20 16:44:04,850 log 10040 5128 Not Found: /userprofile/edit/10/js/jquery-1.11.1.min.js
WARNING 2020-12-20 16:44:04,856 log 10040 5128 Not Found: /userprofile/edit/10/js/move-top.js
WARNING 2020-12-20 16:44:04,861 log 10040 5128 Not Found: /userprofile/edit/10/js/easing.js
WARNING 2020-12-20 16:44:50,948 log 10040 5128 Not Found: /userprofile/edit/10/css/style.css
WARNING 2020-12-20 16:44:50,949 log 10040 18232 Not Found: /userprofile/edit/10/js/jquery-1.11.1.min.js
WARNING 2020-12-20 16:44:50,950 log 10040 5856 Not Found: /userprofile/edit/10/css/swipebox.css
WARNING 2020-12-20 16:44:50,951 log 10040 2580 Not Found: /userprofile/edit/10/js/move-top.js
WARNING 2020-12-20 16:44:50,952 log 10040 17556 Not Found: /userprofile/edit/10/css/bootstrap.css
WARNING 2020-12-20 16:44:50,953 log 10040 16992 Not Found: /userprofile/edit/10/js/easing.js
WARNING 2020-12-20 16:44:50,997 log 10040 16992 Not Found: /userprofile/edit/10/js/jquery-1.11.1.min.js
WARNING 2020-12-20 16:44:51,002 log 10040 16992 Not Found: /userprofile/edit/10/js/move-top.js
WARNING 2020-12-20 16:44:51,008 log 10040 16992 Not Found: /userprofile/edit/10/js/easing.js
WARNING 2020-12-20 16:45:44,364 log 10040 16992 Not Found: /userprofile/edit/10/css/bootstrap.css
WARNING 2020-12-20 16:45:44,365 log 10040 18232 Not Found: /userprofile/edit/10/js/move-top.js
WARNING 2020-12-20 16:45:44,366 log 10040 5128 Not Found: /userprofile/edit/10/js/easing.js
WARNING 2020-12-20 16:45:44,367 log 10040 5856 Not Found: /userprofile/edit/10/js/jquery-1.11.1.min.js
WARNING 2020-12-20 16:45:44,368 log 10040 2580 Not Found: /userprofile/edit/10/css/swipebox.css
WARNING 2020-12-20 16:45:44,369 log 10040 17556 Not Found: /userprofile/edit/10/css/style.css
WARNING 2020-12-20 16:45:44,408 log 10040 17556 Not Found: /userprofile/edit/10/js/jquery-1.11.1.min.js
WARNING 2020-12-20 16:45:44,413 log 10040 17556 Not Found: /userprofile/edit/10/js/move-top.js
WARNING 2020-12-20 16:45:44,419 log 10040 17556 Not Found: /userprofile/edit/10/js/easing.js
WARNING 2020-12-20 16:45:44,429 log 10040 17556 Not Found: /userprofile/edit/10/js/jquery-1.11.1.min.js
WARNING 2020-12-20 16:45:45,072 log 10040 17556 Not Found: /userprofile/edit/10/js/move-top.js
WARNING 2020-12-20 16:45:45,077 log 10040 17556 Not Found: /userprofile/edit/10/js/easing.js
WARNING 2020-12-20 16:48:24,979 log 10040 5856 Not Found: /userprofile/edit/10/css/style.css
WARNING 2020-12-20 16:48:24,980 log 10040 17556 Not Found: /userprofile/edit/10/css/bootstrap.css
WARNING 2020-12-20 16:48:24,982 log 10040 16992 Not Found: /userprofile/edit/10/js/easing.js
WARNING 2020-12-20 16:48:24,983 log 10040 18232 Not Found: /userprofile/edit/10/js/move-top.js
WARNING 2020-12-20 16:48:24,984 log 10040 5128 Not Found: /userprofile/edit/10/js/jquery-1.11.1.min.js
WARNING 2020-12-20 16:48:24,985 log 10040 2580 Not Found: /userprofile/edit/10/css/swipebox.css
WARNING 2020-12-20 16:48:24,993 log 10040 17164 Not Found: /userprofile/edit/10/js/easyResponsiveTabs.js
WARNING 2020-12-20 16:48:24,995 log 10040 16992 Not Found: /userprofile/edit/10/js/jquery.swipebox.min.js
WARNING 2020-12-20 16:48:25,001 log 10040 17556 Not Found: /userprofile/edit/10/js/jquery-1.11.1.min.js
WARNING 2020-12-20 16:48:25,027 log 10040 17556 Not Found: /userprofile/edit/10/js/move-top.js
WARNING 2020-12-20 16:48:25,032 log 10040 17556 Not Found: /userprofile/edit/10/js/easing.js
WARNING 2020-12-20 16:48:25,037 log 10040 17556 Not Found: /userprofile/edit/10/js/easyResponsiveTabs.js
WARNING 2020-12-20 16:48:25,042 log 10040 17556 Not Found: /userprofile/edit/10/js/jquery.swipebox.min.js
WARNING 2020-12-20 16:48:25,052 log 10040 17556 Not Found: /userprofile/edit/10/js/jquery-1.11.1.min.js
WARNING 2020-12-20 16:48:25,675 log 10040 17556 Not Found: /userprofile/edit/10/js/move-top.js
WARNING 2020-12-20 16:48:25,680 log 10040 17556 Not Found: /userprofile/edit/10/js/easing.js
WARNING 2020-12-20 16:49:11,486 log 10040 5128 Not Found: /userprofile/edit/10/js/jquery-1.11.1.min.js
WARNING 2020-12-20 16:49:11,487 log 10040 16992 Not Found: /userprofile/edit/10/css/swipebox.css
WARNING 2020-12-20 16:49:11,488 log 10040 17556 Not Found: /userprofile/edit/10/css/style.css
WARNING 2020-12-20 16:49:11,489 log 10040 18232 Not Found: /userprofile/edit/10/js/move-top.js
WARNING 2020-12-20 16:49:11,490 log 10040 17164 Not Found: /userprofile/edit/10/css/bootstrap.css
WARNING 2020-12-20 16:49:11,491 log 10040 14120 Not Found: /userprofile/edit/10/js/easing.js
WARNING 2020-12-20 16:49:11,500 log 10040 16992 Not Found: /userprofile/edit/10/js/easyResponsiveTabs.js
WARNING 2020-12-20 16:49:11,501 log 10040 5128 Not Found: /userprofile/edit/10/js/jquery.swipebox.min.js
WARNING 2020-12-20 16:49:11,502 log 10040 17556 Not Found: /userprofile/edit/10/js/bootstrap.js
WARNING 2020-12-20 16:49:11,530 log 10040 5128 Not Found: /userprofile/edit/10/js/jquery-1.11.1.min.js
WARNING 2020-12-20 16:49:11,535 log 10040 5128 Not Found: /userprofile/edit/10/js/move-top.js
WARNING 2020-12-20 16:49:11,540 log 10040 5128 Not Found: /userprofile/edit/10/js/easing.js
WARNING 2020-12-20 16:49:11,545 log 10040 5128 Not Found: /userprofile/edit/10/js/easyResponsiveTabs.js
WARNING 2020-12-20 16:49:11,550 log 10040 5128 Not Found: /userprofile/edit/10/js/jquery.swipebox.min.js
WARNING 2020-12-20 16:49:11,555 log 10040 5128 Not Found: /userprofile/edit/10/js/bootstrap.js
WARNING 2020-12-20 16:49:11,564 log 10040 5128 Not Found: /userprofile/edit/10/js/jquery-1.11.1.min.js
WARNING 2020-12-20 16:49:12,185 log 10040 5128 Not Found: /userprofile/edit/10/js/move-top.js
WARNING 2020-12-20 16:49:12,190 log 10040 5128 Not Found: /userprofile/edit/10/js/easing.js
WARNING 2020-12-20 16:49:14,297 log 10040 17556 Not Found: /userprofile/edit/10/css/style.css
WARNING 2020-12-20 16:49:14,298 log 10040 5128 Not Found: /userprofile/edit/10/css/bootstrap.css
WARNING 2020-12-20 16:49:14,299 log 10040 16992 Not Found: /userprofile/edit/10/css/swipebox.css
WARNING 2020-12-20 16:49:14,301 log 10040 14120 Not Found: /userprofile/edit/10/js/move-top.js
WARNING 2020-12-20 16:49:14,302 log 10040 17164 Not Found: /userprofile/edit/10/js/jquery-1.11.1.min.js
WARNING 2020-12-20 16:49:14,303 log 10040 18232 Not Found: /userprofile/edit/10/js/easing.js
WARNING 2020-12-20 16:49:14,313 log 10040 7296 Not Found: /userprofile/edit/10/js/easyResponsiveTabs.js
WARNING 2020-12-20 16:49:14,314 log 10040 13324 Not Found: /userprofile/edit/10/js/bootstrap.js
WARNING 2020-12-20 16:49:14,315 log 10040 5128 Not Found: /userprofile/edit/10/js/jquery.swipebox.min.js
WARNING 2020-12-20 16:49:14,339 log 10040 5128 Not Found: /userprofile/edit/10/js/jquery-1.11.1.min.js
WARNING 2020-12-20 16:49:14,344 log 10040 5128 Not Found: /userprofile/edit/10/js/move-top.js
WARNING 2020-12-20 16:49:14,349 log 10040 5128 Not Found: /userprofile/edit/10/js/easing.js
WARNING 2020-12-20 16:49:14,354 log 10040 5128 Not Found: /userprofile/edit/10/js/easyResponsiveTabs.js
WARNING 2020-12-20 16:49:14,359 log 10040 5128 Not Found: /userprofile/edit/10/js/jquery.swipebox.min.js
WARNING 2020-12-20 16:49:14,364 log 10040 5128 Not Found: /userprofile/edit/10/js/bootstrap.js
WARNING 2020-12-20 16:49:14,373 log 10040 5128 Not Found: /userprofile/edit/10/js/jquery-1.11.1.min.js
WARNING 2020-12-20 16:49:14,984 log 10040 5128 Not Found: /userprofile/edit/10/js/move-top.js
WARNING 2020-12-20 16:49:14,989 log 10040 5128 Not Found: /userprofile/edit/10/js/easing.js
WARNING 2020-12-20 16:52:21,588 log 10040 5128 Not Found: /userprofile/edit/10/css/style.css
WARNING 2020-12-20 16:52:21,589 log 10040 7296 Not Found: /userprofile/edit/10/css/bootstrap.css
WARNING 2020-12-20 16:52:21,590 log 10040 13324 Not Found: /userprofile/edit/10/css/swipebox.css
WARNING 2020-12-20 16:52:21,591 log 10040 14120 Not Found: /userprofile/edit/10/js/easing.js
WARNING 2020-12-20 16:52:21,593 log 10040 18232 Not Found: /userprofile/edit/10/js/jquery-1.11.1.min.js
WARNING 2020-12-20 16:52:21,595 log 10040 17164 Not Found: /userprofile/edit/10/js/move-top.js
WARNING 2020-12-20 16:52:21,604 log 10040 13324 Not Found: /userprofile/edit/10/js/easyResponsiveTabs.js
WARNING 2020-12-20 16:52:21,606 log 10040 16164 Not Found: /userprofile/edit/10/js/jquery.swipebox.min.js
WARNING 2020-12-20 16:52:21,607 log 10040 19232 Not Found: /userprofile/edit/10/js/bootstrap.js
WARNING 2020-12-20 16:52:21,613 log 10040 17164 Not Found: /userprofile/edit/10/js/easing.js
WARNING 2020-12-20 16:52:22,248 log 10040 17164 Not Found: /userprofile/edit/10/js/easyResponsiveTabs.js
WARNING 2020-12-20 16:52:22,254 log 10040 17164 Not Found: /userprofile/edit/10/js/jquery.swipebox.min.js
WARNING 2020-12-20 16:52:22,259 log 10040 17164 Not Found: /userprofile/edit/10/js/bootstrap.js
WARNING 2020-12-20 16:52:22,270 log 10040 17164 Not Found: /userprofile/edit/10/js/jquery-1.11.1.min.js
WARNING 2020-12-20 16:52:22,274 log 10040 17164 Not Found: /userprofile/edit/10/js/move-top.js
WARNING 2020-12-20 16:52:22,279 log 10040 17164 Not Found: /userprofile/edit/10/js/easing.js
WARNING 2020-12-20 17:07:53,581 log 10040 7112 Not Found: /userprofile/edit/10/css/bootstrap.min.css
WARNING 2020-12-20 17:07:53,582 log 10040 17668 Not Found: /userprofile/edit/10/css/font-awesome.min.css
WARNING 2020-12-20 17:07:53,583 log 10040 17376 Not Found: /userprofile/edit/10/css/templatemo-blue.css
WARNING 2020-12-20 17:07:53,584 log 10040 1248 Not Found: /userprofile/edit/10/images/tm-easy-profile.jpg
WARNING 2020-12-20 17:08:59,304 log 10040 1248 Not Found: /userprofile/edit/10/css/bootstrap.min.css
WARNING 2020-12-20 17:08:59,305 log 10040 17376 Not Found: /userprofile/edit/10/css/font-awesome.min.css
WARNING 2020-12-20 17:08:59,306 log 10040 7112 Not Found: /userprofile/edit/10/images/tm-easy-profile.jpg
WARNING 2020-12-20 17:08:59,307 log 10040 17668 Not Found: /userprofile/edit/10/css/templatemo-blue.css
WARNING 2020-12-20 17:09:32,056 log 10040 17668 Not Found: /userprofile/edit/10/css/bootstrap.min.css
WARNING 2020-12-20 17:09:32,058 log 10040 7112 Not Found: /userprofile/edit/10/css/font-awesome.min.css
WARNING 2020-12-20 17:09:32,059 log 10040 17376 Not Found: /userprofile/edit/10/css/templatemo-blue.css
WARNING 2020-12-20 17:09:32,060 log 10040 16496 Not Found: /userprofile/edit/10/images/tm-easy-profile.jpg
WARNING 2020-12-20 17:09:33,868 log 10040 7112 Not Found: /userprofile/edit/10/css/bootstrap.min.css
WARNING 2020-12-20 17:09:33,869 log 10040 16496 Not Found: /userprofile/edit/10/css/font-awesome.min.css
WARNING 2020-12-20 17:09:33,870 log 10040 17376 Not Found: /userprofile/edit/10/css/templatemo-blue.css
WARNING 2020-12-20 17:09:33,872 log 10040 17668 Not Found: /userprofile/edit/10/images/tm-easy-profile.jpg
WARNING 2020-12-20 17:09:46,429 log 10040 7112 Not Found: /userprofile/edit/10/images/tm-easy-profile.jpg
WARNING 2020-12-20 17:09:46,430 log 10040 17376 Not Found: /userprofile/edit/10/css/templatemo-blue.css
WARNING 2020-12-20 17:09:46,431 log 10040 16496 Not Found: /userprofile/edit/10/css/font-awesome.min.css
WARNING 2020-12-20 17:09:46,432 log 10040 17668 Not Found: /userprofile/edit/10/css/bootstrap.min.css
WARNING 2020-12-20 17:10:10,383 log 10040 16496 Not Found: /userprofile/edit/10/css/bootstrap.min.css
WARNING 2020-12-20 17:10:10,384 log 10040 7112 Not Found: /userprofile/edit/10/images/tm-easy-profile.jpg
WARNING 2020-12-20 17:10:10,385 log 10040 17376 Not Found: /userprofile/edit/10/css/templatemo-blue.css
WARNING 2020-12-20 17:10:10,386 log 10040 17668 Not Found: /userprofile/edit/10/css/font-awesome.min.css
WARNING 2020-12-20 17:10:38,486 log 10040 7112 Not Found: /userprofile/edit/10/css/font-awesome.min.css
WARNING 2020-12-20 17:10:38,488 log 10040 17376 Not Found: /userprofile/edit/10/css/templatemo-blue.css
WARNING 2020-12-20 17:10:38,489 log 10040 16496 Not Found: /userprofile/edit/10/images/tm-easy-profile.jpg
WARNING 2020-12-20 17:10:38,490 log 10040 17668 Not Found: /userprofile/edit/10/css/bootstrap.min.css
WARNING 2020-12-20 17:11:17,368 log 10040 17668 Not Found: /userprofile/edit/10/css/font-awesome.min.css
WARNING 2020-12-20 17:11:17,369 log 10040 17376 Not Found: /userprofile/edit/10/css/templatemo-blue.css
WARNING 2020-12-20 17:11:17,370 log 10040 7112 Not Found: /userprofile/edit/10/images/tm-easy-profile.jpg
WARNING 2020-12-20 17:11:17,371 log 10040 16496 Not Found: /userprofile/edit/10/css/bootstrap.min.css
WARNING 2020-12-20 17:12:07,530 log 10040 16496 Not Found: /userprofile/edit/10/css/bootstrap.min.css
WARNING 2020-12-20 17:12:07,531 log 10040 17668 Not Found: /userprofile/edit/10/images/tm-easy-profile.jpg
WARNING 2020-12-20 17:12:07,532 log 10040 7112 Not Found: /userprofile/edit/10/css/font-awesome.min.css
WARNING 2020-12-20 17:12:07,533 log 10040 17376 Not Found: /userprofile/edit/10/css/templatemo-blue.css
WARNING 2020-12-20 17:13:11,663 log 10040 7112 Not Found: /userprofile/edit/10/css/font-awesome.min.css
WARNING 2020-12-20 17:13:11,664 log 10040 17376 Not Found: /userprofile/edit/10/css/bootstrap.min.css
WARNING 2020-12-20 17:13:11,665 log 10040 16496 Not Found: /userprofile/edit/10/js/jquery.js
WARNING 2020-12-20 17:13:11,666 log 10040 17668 Not Found: /userprofile/edit/10/css/templatemo-blue.css
WARNING 2020-12-20 17:13:11,667 log 10040 14032 Not Found: /userprofile/edit/10/js/bootstrap.min.js
WARNING 2020-12-20 17:13:11,669 log 10040 5592 Not Found: /userprofile/edit/10/js/jquery.backstretch.min.js
WARNING 2020-12-20 17:13:11,679 log 10040 7112 Not Found: /userprofile/edit/10/js/custom.js
WARNING 2020-12-20 17:13:11,680 log 10040 7964 Not Found: /userprofile/edit/10/images/tm-easy-profile.jpg
WARNING 2020-12-20 17:13:11,681 log 10040 17668 Not Found: /userprofile/edit/10/css/bootstrap.min.css
WARNING 2020-12-20 17:13:11,694 log 10040 7964 Not Found: /userprofile/edit/10/css/font-awesome.min.css
WARNING 2020-12-20 17:13:11,698 log 10040 7964 Not Found: /userprofile/edit/10/css/templatemo-blue.css
WARNING 2020-12-20 17:13:11,733 log 10040 7964 Not Found: /userprofile/edit/10/js/jquery.js
WARNING 2020-12-20 17:13:11,738 log 10040 7964 Not Found: /userprofile/edit/10/js/bootstrap.min.js
WARNING 2020-12-20 17:13:11,744 log 10040 7964 Not Found: /userprofile/edit/10/js/jquery.backstretch.min.js
WARNING 2020-12-20 17:13:11,749 log 10040 7964 Not Found: /userprofile/edit/10/js/custom.js
WARNING 2020-12-20 17:13:52,270 log 10040 7112 Not Found: /userprofile/edit/10/css/templatemo-blue.css
WARNING 2020-12-20 17:13:52,271 log 10040 17668 Not Found: /userprofile/edit/10/css/font-awesome.min.css
WARNING 2020-12-20 17:13:52,272 log 10040 7964 Not Found: /userprofile/edit/10/css/bootstrap.min.css
WARNING 2020-12-20 17:13:52,272 log 10040 12044 Not Found: /userprofile/edit/10/js/jquery.js
WARNING 2020-12-20 17:13:52,273 log 10040 5592 Not Found: /userprofile/edit/10/js/bootstrap.min.js
WARNING 2020-12-20 17:13:52,274 log 10040 18728 Not Found: /userprofile/edit/10/js/jquery.backstretch.min.js
WARNING 2020-12-20 17:13:52,283 log 10040 7112 Not Found: /userprofile/edit/10/js/custom.js
WARNING 2020-12-20 17:13:52,284 log 10040 5592 Not Found: /userprofile/edit/10/images/tm-easy-profile.jpg
WARNING 2020-12-20 17:13:52,285 log 10040 18728 Not Found: /userprofile/edit/10/css/bootstrap.min.css
WARNING 2020-12-20 17:13:52,290 log 10040 18728 Not Found: /userprofile/edit/10/css/font-awesome.min.css
WARNING 2020-12-20 17:13:52,295 log 10040 18728 Not Found: /userprofile/edit/10/css/templatemo-blue.css
WARNING 2020-12-20 17:13:52,330 log 10040 18728 Not Found: /userprofile/edit/10/js/jquery.js
WARNING 2020-12-20 17:13:52,335 log 10040 18728 Not Found: /userprofile/edit/10/js/bootstrap.min.js
WARNING 2020-12-20 17:13:52,340 log 10040 18728 Not Found: /userprofile/edit/10/js/jquery.backstretch.min.js
WARNING 2020-12-20 17:13:52,344 log 10040 18728 Not Found: /userprofile/edit/10/js/custom.js
WARNING 2020-12-20 20:05:11,758 log 18928 532 Not Found: /favicon.ico
WARNING 2020-12-20 20:05:41,132 log 18928 532 Not Found: /userprofile/login/js/jigsaw.js
WARNING 2020-12-20 20:05:41,141 log 18928 532 Not Found: /userprofile/login/js/jigsaw.js
WARNING 2020-12-20 20:05:45,365 log 18928 556 Not Found: /userprofile/login/js/jigsaw.js
WARNING 2020-12-20 20:05:45,376 log 18928 556 Not Found: /userprofile/login/js/jigsaw.js
WARNING 2020-12-20 23:28:15,407 log 2492 14584 Not Found: /favicon.ico
WARNING 2020-12-20 23:28:21,630 log 2492 14584 Not Found: /userprofile/login/js/jigsaw.js
WARNING 2020-12-20 23:28:21,656 log 2492 14584 Not Found: /userprofile/login/js/jigsaw.js
WARNING 2020-12-20 23:28:36,668 log 2492 14588 Not Found: /userprofile/login/js/jigsaw.js
WARNING 2020-12-20 23:28:36,687 log 2492 14588 Not Found: /userprofile/login/js/jigsaw.js
WARNING 2020-12-20 23:33:48,941 log 2492 14936 Not Found: /userprofile/login/js/jigsaw.js
WARNING 2020-12-20 23:33:48,961 log 2492 14936 Not Found: /userprofile/login/js/jigsaw.js
WARNING 2020-12-20 23:33:50,932 log 2492 14936 Not Found: /userprofile/login/js/jigsaw.js
WARNING 2020-12-20 23:33:50,951 log 2492 14936 Not Found: /userprofile/login/js/jigsaw.js
WARNING 2020-12-20 23:34:29,670 log 2492 14936 Not Found: /userprofile/login/js/jigsaw.js
WARNING 2020-12-20 23:34:29,689 log 2492 14936 Not Found: /userprofile/login/js/jigsaw.js
